FinanseManager/android/app/build/intermediates/manifest_merge_blame_file/debug/manifest-merger-blame-debug-report.txt
1<?xml version="1.0" encoding="utf-8"?>
2<manifest xmlns:android="http://schemas.android.com/apk/res/android"
3    package="com.expense"
4    android:versionCode="1"
5    android:versionName="1.0" >
6
7    <uses-sdk
8        android:minSdkVersion="21"
9        android:targetSdkVersion="33" />
10
11    <uses-permission android:name="android.permission.SYSTEM_ALERT_WINDOW" />
11-->src/debug/AndroidManifest.xml:5:5-77
11-->src/debug/AndroidManifest.xml:5:22-75
12    <uses-permission android:name="android.permission.INTERNET" />
12-->src/main/AndroidManifest.xml:4:5-67
12-->src/main/AndroidManifest.xml:4:22-64
13    <uses-permission android:name="android.permission.ACCESS_WIFI_STATE" />
13-->[com.facebook.flipper:flipper:0.125.0] AndroidManifest.xml:16:5-76
13-->[com.facebook.flipper:flipper:0.125.0] AndroidManifest.xml:16:22-73
14    <uses-permission android:name="android.permission.WAKE_LOCK" />
14-->[:react-native-firebase_auth] AndroidManifest.xml:10:5-68
14-->[:react-native-firebase_auth] AndroidManifest.xml:10:22-65
15    <uses-permission android:name="android.permission.ACCESS_NETWORK_STATE" />
15-->[:react-native-firebase_auth] AndroidManifest.xml:11:5-79
15-->[:react-native-firebase_auth] AndroidManifest.xml:11:22-76
16    <uses-permission android:name="android.permission.RECEIVE_BOOT_COMPLETED" />
16-->[androidx.work:work-runtime:2.7.1] AndroidManifest.xml:27:5-81
16-->[androidx.work:work-runtime:2.7.1] AndroidManifest.xml:27:22-78
17    <uses-permission android:name="android.permission.FOREGROUND_SERVICE" />
17-->[androidx.work:work-runtime:2.7.1] AndroidManifest.xml:28:5-77
17-->[androidx.work:work-runtime:2.7.1] AndroidManifest.xml:28:22-74
18    <uses-permission android:name="android.permission.POST_NOTIFICATIONS" /> <!-- Required by older versions of Google Play services to create IID tokens -->
18-->[com.google.firebase:firebase-messaging:23.1.1] AndroidManifest.xml:25:5-77
18-->[com.google.firebase:firebase-messaging:23.1.1] AndroidManifest.xml:25:22-74
19    <uses-permission android:name="com.google.android.c2dm.permission.RECEIVE" />
19-->[com.google.firebase:firebase-messaging:23.1.1] AndroidManifest.xml:28:5-82
19-->[com.google.firebase:firebase-messaging:23.1.1] AndroidManifest.xml:28:22-79
20    <uses-permission android:name="android.permission.VIBRATE" />
20-->[app.notifee:core:202108261754] AndroidManifest.xml:13:5-66
20-->[app.notifee:core:202108261754] AndroidManifest.xml:13:22-63
21    <uses-permission android:name="android.permission.USE_FULL_SCREEN_INTENT" />
21-->[app.notifee:core:202108261754] AndroidManifest.xml:16:5-81
21-->[app.notifee:core:202108261754] AndroidManifest.xml:16:22-78
22    <uses-permission android:name="android.permission.SCHEDULE_EXACT_ALARM" />
22-->[app.notifee:core:202108261754] AndroidManifest.xml:17:5-79
22-->[app.notifee:core:202108261754] AndroidManifest.xml:17:22-76
23    <uses-permission
23-->[app.notifee:core:202108261754] AndroidManifest.xml:18:5-20:38
24        android:name="android.permission.BROADCAST_CLOSE_SYSTEM_DIALOGS"
24-->[app.notifee:core:202108261754] AndroidManifest.xml:19:9-73
25        android:maxSdkVersion="30" /> <!-- For Xiaomi devices to enable heads-up notifications as default (https://github.com/invertase/notifee/issues/296) -->
25-->[app.notifee:core:202108261754] AndroidManifest.xml:20:9-35
26    <uses-permission
26-->[app.notifee:core:202108261754] AndroidManifest.xml:22:5-24:38
27        android:name="android.permission.ACCESS_NOTIFICATION_POLICY"
27-->[app.notifee:core:202108261754] AndroidManifest.xml:23:9-69
28        android:minSdkVersion="23" /> <!-- for android -->
28-->[app.notifee:core:202108261754] AndroidManifest.xml:24:9-35
29    <!-- <uses-permission android:name="com.android.launcher.permission.READ_SETTINGS"/> -->
30    <!-- <uses-permission android:name="com.android.launcher.permission.WRITE_SETTINGS"/> -->
31    <!-- <uses-permission android:name="com.android.launcher.permission.INSTALL_SHORTCUT" /> -->
32    <!-- <uses-permission android:name="com.android.launcher.permission.UNINSTALL_SHORTCUT" /> -->
33    <!-- for Samsung -->
34    <uses-permission android:name="com.sec.android.provider.badge.permission.READ" />
34-->[me.leolin:ShortcutBadger:1.1.22] AndroidManifest.xml:19:5-86
34-->[me.leolin:ShortcutBadger:1.1.22] AndroidManifest.xml:19:22-83
35    <uses-permission android:name="com.sec.android.provider.badge.permission.WRITE" /> <!-- for htc -->
35-->[me.leolin:ShortcutBadger:1.1.22] AndroidManifest.xml:20:5-87
35-->[me.leolin:ShortcutBadger:1.1.22] AndroidManifest.xml:20:22-84
36    <uses-permission android:name="com.htc.launcher.permission.READ_SETTINGS" />
36-->[me.leolin:ShortcutBadger:1.1.22] AndroidManifest.xml:23:5-81
36-->[me.leolin:ShortcutBadger:1.1.22] AndroidManifest.xml:23:22-78
37    <uses-permission android:name="com.htc.launcher.permission.UPDATE_SHORTCUT" /> <!-- for sony -->
37-->[me.leolin:ShortcutBadger:1.1.22] AndroidManifest.xml:24:5-83
37-->[me.leolin:ShortcutBadger:1.1.22] AndroidManifest.xml:24:22-80
38    <uses-permission android:name="com.sonyericsson.home.permission.BROADCAST_BADGE" />
38-->[me.leolin:ShortcutBadger:1.1.22] AndroidManifest.xml:27:5-88
38-->[me.leolin:ShortcutBadger:1.1.22] AndroidManifest.xml:27:22-85
39    <uses-permission android:name="com.sonymobile.home.permission.PROVIDER_INSERT_BADGE" /> <!-- for apex -->
39-->[me.leolin:ShortcutBadger:1.1.22] AndroidManifest.xml:28:5-92
39-->[me.leolin:ShortcutBadger:1.1.22] AndroidManifest.xml:28:22-89
40    <uses-permission android:name="com.anddoes.launcher.permission.UPDATE_COUNT" /> <!-- for solid -->
40-->[me.leolin:ShortcutBadger:1.1.22] AndroidManifest.xml:31:5-84
40-->[me.leolin:ShortcutBadger:1.1.22] AndroidManifest.xml:31:22-81
41    <uses-permission android:name="com.majeur.launcher.permission.UPDATE_BADGE" /> <!-- for huawei -->
41-->[me.leolin:ShortcutBadger:1.1.22] AndroidManifest.xml:34:5-83
41-->[me.leolin:ShortcutBadger:1.1.22] AndroidManifest.xml:34:22-80
42    <uses-permission android:name="com.huawei.android.launcher.permission.CHANGE_BADGE" />
42-->[me.leolin:ShortcutBadger:1.1.22] AndroidManifest.xml:37:5-91
42-->[me.leolin:ShortcutBadger:1.1.22] AndroidManifest.xml:37:22-88
43    <uses-permission android:name="com.huawei.android.launcher.permission.READ_SETTINGS" />
43-->[me.leolin:ShortcutBadger:1.1.22] AndroidManifest.xml:38:5-92
43-->[me.leolin:ShortcutBadger:1.1.22] AndroidManifest.xml:38:22-89
44    <uses-permission android:name="com.huawei.android.launcher.permission.WRITE_SETTINGS" /> <!-- for ZUK -->
44-->[me.leolin:ShortcutBadger:1.1.22] AndroidManifest.xml:39:5-93
44-->[me.leolin:ShortcutBadger:1.1.22] AndroidManifest.xml:39:22-90
45    <uses-permission android:name="android.permission.READ_APP_BADGE" /> <!-- for OPPO -->
45-->[me.leolin:ShortcutBadger:1.1.22] AndroidManifest.xml:42:5-73
45-->[me.leolin:ShortcutBadger:1.1.22] AndroidManifest.xml:42:22-70
46    <uses-permission android:name="com.oppo.launcher.permission.READ_SETTINGS" />
46-->[me.leolin:ShortcutBadger:1.1.22] AndroidManifest.xml:45:5-82
46-->[me.leolin:ShortcutBadger:1.1.22] AndroidManifest.xml:45:22-79
47    <uses-permission android:name="com.oppo.launcher.permission.WRITE_SETTINGS" /> <!-- for EvMe -->
47-->[me.leolin:ShortcutBadger:1.1.22] AndroidManifest.xml:46:5-83
47-->[me.leolin:ShortcutBadger:1.1.22] AndroidManifest.xml:46:22-80
48    <uses-permission android:name="me.everything.badger.permission.BADGE_COUNT_READ" />
48-->[me.leolin:ShortcutBadger:1.1.22] AndroidManifest.xml:49:5-88
48-->[me.leolin:ShortcutBadger:1.1.22] AndroidManifest.xml:49:22-85
49    <uses-permission android:name="me.everything.badger.permission.BADGE_COUNT_WRITE" />
49-->[me.leolin:ShortcutBadger:1.1.22] AndroidManifest.xml:50:5-89
49-->[me.leolin:ShortcutBadger:1.1.22] AndroidManifest.xml:50:22-86
50
51    <application
51-->src/main/AndroidManifest.xml:6:5-26:19
52        android:name="com.expense.MainApplication"
52-->src/main/AndroidManifest.xml:7:7-38
53        android:allowBackup="false"
53-->src/main/AndroidManifest.xml:11:7-34
54        android:appComponentFactory="androidx.core.app.CoreComponentFactory"
54-->[androidx.core:core:1.7.0] AndroidManifest.xml:24:18-86
55        android:debuggable="true"
56        android:icon="@mipmap/ic_launcher"
56-->src/main/AndroidManifest.xml:9:7-41
57        android:label="@string/app_name"
57-->src/main/AndroidManifest.xml:8:7-39
58        android:roundIcon="@mipmap/ic_launcher_round"
58-->src/main/AndroidManifest.xml:10:7-52
59        android:theme="@style/AppTheme"
59-->src/main/AndroidManifest.xml:12:7-38
60        android:usesCleartextTraffic="true" >
60-->src/debug/AndroidManifest.xml:8:9-44
61        <activity
61-->src/debug/AndroidManifest.xml:11:9-111
62            android:name="com.facebook.react.devsupport.DevSettingsActivity"
62-->src/debug/AndroidManifest.xml:11:19-83
63            android:exported="false" />
63-->src/debug/AndroidManifest.xml:11:84-108
64        <activity
64-->src/main/AndroidManifest.xml:13:7-25:18
65            android:name="com.expense.MainActivity"
65-->src/main/AndroidManifest.xml:14:9-37
66            android:configChanges="keyboard|keyboardHidden|orientation|screenLayout|screenSize|smallestScreenSize|uiMode"
66-->src/main/AndroidManifest.xml:16:9-118
67            android:exported="true"
67-->src/main/AndroidManifest.xml:19:9-32
68            android:label="@string/app_name"
68-->src/main/AndroidManifest.xml:15:9-41
69            android:launchMode="singleTask"
69-->src/main/AndroidManifest.xml:17:9-40
70            android:windowSoftInputMode="adjustResize" >
70-->src/main/AndroidManifest.xml:18:9-51
71            <intent-filter>
71-->src/main/AndroidManifest.xml:20:9-24:25
72                <action android:name="android.intent.action.MAIN" />
72-->src/main/AndroidManifest.xml:21:13-65
72-->src/main/AndroidManifest.xml:21:21-62
73                <action android:name="com.google.firebase.MESSAGING_EVENT" />
73-->src/main/AndroidManifest.xml:22:13-74
73-->src/main/AndroidManifest.xml:22:21-71
74
75                <category android:name="android.intent.category.LAUNCHER" />
75-->src/main/AndroidManifest.xml:23:13-73
75-->src/main/AndroidManifest.xml:23:23-70
76            </intent-filter>
77        </activity>
78
79        <provider
79-->[:notifee_react-native] AndroidManifest.xml:10:9-14:40
80            android:name="io.invertase.notifee.NotifeeInitProvider"
80-->[:notifee_react-native] AndroidManifest.xml:11:13-68
81            android:authorities="com.expense.notifee-init-provider"
81-->[:notifee_react-native] AndroidManifest.xml:12:13-73
82            android:exported="false"
82-->[:notifee_react-native] AndroidManifest.xml:13:13-37
83            android:initOrder="-100" />
83-->[:notifee_react-native] AndroidManifest.xml:14:13-37
84
85        <service
85-->[:react-native-firebase_messaging] AndroidManifest.xml:14:9-16:40
86            android:name="io.invertase.firebase.messaging.ReactNativeFirebaseMessagingHeadlessService"
86-->[:react-native-firebase_messaging] AndroidManifest.xml:15:13-103
87            android:exported="false" />
87-->[:react-native-firebase_messaging] AndroidManifest.xml:16:13-37
88        <service
88-->[:react-native-firebase_messaging] AndroidManifest.xml:17:9-23:19
89            android:name="io.invertase.firebase.messaging.ReactNativeFirebaseMessagingService"
89-->[:react-native-firebase_messaging] AndroidManifest.xml:18:13-95
90            android:exported="false" >
90-->[:react-native-firebase_messaging] AndroidManifest.xml:19:13-37
91            <intent-filter>
91-->[:react-native-firebase_messaging] AndroidManifest.xml:20:13-22:29
92                <action android:name="com.google.firebase.MESSAGING_EVENT" />
92-->src/main/AndroidManifest.xml:22:13-74
92-->src/main/AndroidManifest.xml:22:21-71
93            </intent-filter>
94        </service>
95
96        <receiver
96-->[:react-native-firebase_messaging] AndroidManifest.xml:25:9-32:20
97            android:name="io.invertase.firebase.messaging.ReactNativeFirebaseMessagingReceiver"
97-->[:react-native-firebase_messaging] AndroidManifest.xml:26:13-96
98            android:exported="true"
98-->[:react-native-firebase_messaging] AndroidManifest.xml:27:13-36
99            android:permission="com.google.android.c2dm.permission.SEND" >
99-->[:react-native-firebase_messaging] AndroidManifest.xml:28:13-73
100            <intent-filter>
100-->[:react-native-firebase_messaging] AndroidManifest.xml:29:13-31:29
101                <action android:name="com.google.android.c2dm.intent.RECEIVE" />
101-->[:react-native-firebase_messaging] AndroidManifest.xml:30:17-81
101-->[:react-native-firebase_messaging] AndroidManifest.xml:30:25-78
102            </intent-filter>
103        </receiver>
104
105        <meta-data
105-->[:react-native-firebase_messaging] AndroidManifest.xml:34:9-36:36
106            android:name="firebase_messaging_auto_init_enabled"
106-->[:react-native-firebase_messaging] AndroidManifest.xml:35:13-64
107            android:value="true" />
107-->[:react-native-firebase_messaging] AndroidManifest.xml:36:13-33
108        <meta-data
108-->[:react-native-firebase_messaging] AndroidManifest.xml:37:9-39:32
109            android:name="com.google.firebase.messaging.default_notification_channel_id"
109-->[:react-native-firebase_messaging] AndroidManifest.xml:38:13-89
110            android:value="" />
110-->[:react-native-firebase_messaging] AndroidManifest.xml:39:13-29
111        <meta-data
111-->[:react-native-firebase_messaging] AndroidManifest.xml:40:9-42:47
112            android:name="com.google.firebase.messaging.default_notification_color"
112-->[:react-native-firebase_messaging] AndroidManifest.xml:41:13-84
113            android:resource="@color/white" />
113-->[:react-native-firebase_messaging] AndroidManifest.xml:42:13-44
114        <meta-data
114-->[:react-native-firebase_app] AndroidManifest.xml:11:9-13:36
115            android:name="app_data_collection_default_enabled"
115-->[:react-native-firebase_app] AndroidManifest.xml:12:13-63
116            android:value="true" />
116-->[:react-native-firebase_app] AndroidManifest.xml:13:13-33
117
118        <service
118-->[:react-native-firebase_app] AndroidManifest.xml:15:9-23:19
119            android:name="com.google.firebase.components.ComponentDiscoveryService"
119-->[:react-native-firebase_app] AndroidManifest.xml:16:13-84
120            android:directBootAware="true"
120-->[:react-native-firebase_app] AndroidManifest.xml:17:13-43
121            android:exported="false" >
121-->[:react-native-firebase_app] AndroidManifest.xml:18:13-37
122            <meta-data
122-->[:react-native-firebase_app] AndroidManifest.xml:20:13-22:85
123                android:name="com.google.firebase.components:io.invertase.firebase.app.ReactNativeFirebaseAppRegistrar"
123-->[:react-native-firebase_app] AndroidManifest.xml:21:17-120
124                android:value="com.google.firebase.components.ComponentRegistrar" />
124-->[:react-native-firebase_app] AndroidManifest.xml:22:17-82
125            <meta-data
125-->[com.google.firebase:firebase-messaging:23.1.1] AndroidManifest.xml:55:13-57:85
126                android:name="com.google.firebase.components:com.google.firebase.messaging.FirebaseMessagingRegistrar"
126-->[com.google.firebase:firebase-messaging:23.1.1] AndroidManifest.xml:56:17-119
127                android:value="com.google.firebase.components.ComponentRegistrar" />
127-->[com.google.firebase:firebase-messaging:23.1.1] AndroidManifest.xml:57:17-82
128            <meta-data
128-->[com.google.firebase:firebase-datatransport:18.1.7] AndroidManifest.xml:27:13-29:85
129                android:name="com.google.firebase.components:com.google.firebase.datatransport.TransportRegistrar"
129-->[com.google.firebase:firebase-datatransport:18.1.7] AndroidManifest.xml:28:17-115
130                android:value="com.google.firebase.components.ComponentRegistrar" />
130-->[com.google.firebase:firebase-datatransport:18.1.7] AndroidManifest.xml:29:17-82
131            <meta-data
131-->[com.google.firebase:firebase-auth:21.1.0] AndroidManifest.xml:67:13-69:85
132                android:name="com.google.firebase.components:com.google.firebase.auth.FirebaseAuthRegistrar"
132-->[com.google.firebase:firebase-auth:21.1.0] AndroidManifest.xml:68:17-109
133                android:value="com.google.firebase.components.ComponentRegistrar" />
133-->[com.google.firebase:firebase-auth:21.1.0] AndroidManifest.xml:69:17-82
134            <meta-data
134-->[com.google.firebase:firebase-installations:17.1.0] AndroidManifest.xml:17:13-19:85
135                android:name="com.google.firebase.components:com.google.firebase.installations.FirebaseInstallationsRegistrar"
135-->[com.google.firebase:firebase-installations:17.1.0] AndroidManifest.xml:18:17-127
136                android:value="com.google.firebase.components.ComponentRegistrar" />
136-->[com.google.firebase:firebase-installations:17.1.0] AndroidManifest.xml:19:17-82
137        </service>
138
139        <provider
139-->[:react-native-firebase_app] AndroidManifest.xml:25:9-29:38
140            android:name="io.invertase.firebase.app.ReactNativeFirebaseAppInitProvider"
140-->[:react-native-firebase_app] AndroidManifest.xml:26:13-88
141            android:authorities="com.expense.reactnativefirebaseappinitprovider"
141-->[:react-native-firebase_app] AndroidManifest.xml:27:13-86
142            android:exported="false"
142-->[:react-native-firebase_app] AndroidManifest.xml:28:13-37
143            android:initOrder="99" />
143-->[:react-native-firebase_app] AndroidManifest.xml:29:13-35
144        <provider
144-->[androidx.work:work-runtime:2.7.1] AndroidManifest.xml:31:9-39:20
145            android:name="androidx.startup.InitializationProvider"
145-->[androidx.work:work-runtime:2.7.1] AndroidManifest.xml:32:13-67
146            android:authorities="com.expense.androidx-startup"
146-->[androidx.work:work-runtime:2.7.1] AndroidManifest.xml:33:13-68
147            android:exported="false" >
147-->[androidx.work:work-runtime:2.7.1] AndroidManifest.xml:34:13-37
148            <meta-data
148-->[androidx.work:work-runtime:2.7.1] AndroidManifest.xml:36:13-38:52
149                android:name="androidx.work.WorkManagerInitializer"
149-->[androidx.work:work-runtime:2.7.1] AndroidManifest.xml:37:17-68
150                android:value="androidx.startup" />
150-->[androidx.work:work-runtime:2.7.1] AndroidManifest.xml:38:17-49
151            <meta-data
151-->[androidx.emoji2:emoji2:1.0.0] AndroidManifest.xml:31:13-33:52
152                android:name="androidx.emoji2.text.EmojiCompatInitializer"
152-->[androidx.emoji2:emoji2:1.0.0] AndroidManifest.xml:32:17-75
153                android:value="androidx.startup" />
153-->[androidx.emoji2:emoji2:1.0.0] AndroidManifest.xml:33:17-49
154            <meta-data
154-->[androidx.lifecycle:lifecycle-process:2.4.0] AndroidManifest.xml:31:13-33:52
155                android:name="androidx.lifecycle.ProcessLifecycleInitializer"
155-->[androidx.lifecycle:lifecycle-process:2.4.0] AndroidManifest.xml:32:17-78
156                android:value="androidx.startup" />
156-->[androidx.lifecycle:lifecycle-process:2.4.0] AndroidManifest.xml:33:17-49
157        </provider>
158
159        <service
159-->[androidx.work:work-runtime:2.7.1] AndroidManifest.xml:41:9-46:35
160            android:name="androidx.work.impl.background.systemalarm.SystemAlarmService"
160-->[androidx.work:work-runtime:2.7.1] AndroidManifest.xml:42:13-88
161            android:directBootAware="false"
161-->[androidx.work:work-runtime:2.7.1] AndroidManifest.xml:43:13-44
162            android:enabled="@bool/enable_system_alarm_service_default"
162-->[androidx.work:work-runtime:2.7.1] AndroidManifest.xml:44:13-72
163            android:exported="false" />
163-->[androidx.work:work-runtime:2.7.1] AndroidManifest.xml:45:13-37
164        <service
164-->[androidx.work:work-runtime:2.7.1] AndroidManifest.xml:47:9-53:35
165            android:name="androidx.work.impl.background.systemjob.SystemJobService"
165-->[androidx.work:work-runtime:2.7.1] AndroidManifest.xml:48:13-84
166            android:directBootAware="false"
166-->[androidx.work:work-runtime:2.7.1] AndroidManifest.xml:49:13-44
167            android:enabled="@bool/enable_system_job_service_default"
167-->[androidx.work:work-runtime:2.7.1] AndroidManifest.xml:50:13-70
168            android:exported="true"
168-->[androidx.work:work-runtime:2.7.1] AndroidManifest.xml:51:13-36
169            android:permission="android.permission.BIND_JOB_SERVICE" />
169-->[androidx.work:work-runtime:2.7.1] AndroidManifest.xml:52:13-69
170        <service
170-->[androidx.work:work-runtime:2.7.1] AndroidManifest.xml:54:9-59:35
171            android:name="androidx.work.impl.foreground.SystemForegroundService"
171-->[androidx.work:work-runtime:2.7.1] AndroidManifest.xml:55:13-81
172            android:directBootAware="false"
172-->[androidx.work:work-runtime:2.7.1] AndroidManifest.xml:56:13-44
173            android:enabled="@bool/enable_system_foreground_service_default"
173-->[androidx.work:work-runtime:2.7.1] AndroidManifest.xml:57:13-77
174            android:exported="false" />
174-->[androidx.work:work-runtime:2.7.1] AndroidManifest.xml:58:13-37
175
176        <receiver
176-->[androidx.work:work-runtime:2.7.1] AndroidManifest.xml:61:9-66:35
177            android:name="androidx.work.impl.utils.ForceStopRunnable$BroadcastReceiver"
177-->[androidx.work:work-runtime:2.7.1] AndroidManifest.xml:62:13-88
178            android:directBootAware="false"
178-->[androidx.work:work-runtime:2.7.1] AndroidManifest.xml:63:13-44
179            android:enabled="true"
179-->[androidx.work:work-runtime:2.7.1] AndroidManifest.xml:64:13-35
180            android:exported="false" />
180-->[androidx.work:work-runtime:2.7.1] AndroidManifest.xml:65:13-37
181        <receiver
181-->[androidx.work:work-runtime:2.7.1] AndroidManifest.xml:67:9-77:20
182            android:name="androidx.work.impl.background.systemalarm.ConstraintProxy$BatteryChargingProxy"
182-->[androidx.work:work-runtime:2.7.1] AndroidManifest.xml:68:13-106
183            android:directBootAware="false"
183-->[androidx.work:work-runtime:2.7.1] AndroidManifest.xml:69:13-44
184            android:enabled="false"
184-->[androidx.work:work-runtime:2.7.1] AndroidManifest.xml:70:13-36
185            android:exported="false" >
185-->[androidx.work:work-runtime:2.7.1] AndroidManifest.xml:71:13-37
186            <intent-filter>
186-->[androidx.work:work-runtime:2.7.1] AndroidManifest.xml:73:13-76:29
187                <action android:name="android.intent.action.ACTION_POWER_CONNECTED" />
187-->[androidx.work:work-runtime:2.7.1] AndroidManifest.xml:74:17-87
187-->[androidx.work:work-runtime:2.7.1] AndroidManifest.xml:74:25-84
188                <action android:name="android.intent.action.ACTION_POWER_DISCONNECTED" />
188-->[androidx.work:work-runtime:2.7.1] AndroidManifest.xml:75:17-90
188-->[androidx.work:work-runtime:2.7.1] AndroidManifest.xml:75:25-87
189            </intent-filter>
190        </receiver>
191        <receiver
191-->[androidx.work:work-runtime:2.7.1] AndroidManifest.xml:78:9-88:20
192            android:name="androidx.work.impl.background.systemalarm.ConstraintProxy$BatteryNotLowProxy"
192-->[androidx.work:work-runtime:2.7.1] AndroidManifest.xml:79:13-104
193            android:directBootAware="false"
193-->[androidx.work:work-runtime:2.7.1] AndroidManifest.xml:80:13-44
194            android:enabled="false"
194-->[androidx.work:work-runtime:2.7.1] AndroidManifest.xml:81:13-36
195            android:exported="false" >
195-->[androidx.work:work-runtime:2.7.1] AndroidManifest.xml:82:13-37
196            <intent-filter>
196-->[androidx.work:work-runtime:2.7.1] AndroidManifest.xml:84:13-87:29
197                <action android:name="android.intent.action.BATTERY_OKAY" />
197-->[androidx.work:work-runtime:2.7.1] AndroidManifest.xml:85:17-77
197-->[androidx.work:work-runtime:2.7.1] AndroidManifest.xml:85:25-74
198                <action android:name="android.intent.action.BATTERY_LOW" />
198-->[androidx.work:work-runtime:2.7.1] AndroidManifest.xml:86:17-76
198-->[androidx.work:work-runtime:2.7.1] AndroidManifest.xml:86:25-73
199            </intent-filter>
200        </receiver>
201        <receiver
201-->[androidx.work:work-runtime:2.7.1] AndroidManifest.xml:89:9-99:20
202            android:name="androidx.work.impl.background.systemalarm.ConstraintProxy$StorageNotLowProxy"
202-->[androidx.work:work-runtime:2.7.1] AndroidManifest.xml:90:13-104
203            android:directBootAware="false"
203-->[androidx.work:work-runtime:2.7.1] AndroidManifest.xml:91:13-44
204            android:enabled="false"
204-->[androidx.work:work-runtime:2.7.1] AndroidManifest.xml:92:13-36
205            android:exported="false" >
205-->[androidx.work:work-runtime:2.7.1] AndroidManifest.xml:93:13-37
206            <intent-filter>
206-->[androidx.work:work-runtime:2.7.1] AndroidManifest.xml:95:13-98:29
207                <action android:name="android.intent.action.DEVICE_STORAGE_LOW" />
207-->[androidx.work:work-runtime:2.7.1] AndroidManifest.xml:96:17-83
207-->[androidx.work:work-runtime:2.7.1] AndroidManifest.xml:96:25-80
208                <action android:name="android.intent.action.DEVICE_STORAGE_OK" />
208-->[androidx.work:work-runtime:2.7.1] AndroidManifest.xml:97:17-82
208-->[androidx.work:work-runtime:2.7.1] AndroidManifest.xml:97:25-79
209            </intent-filter>
210        </receiver>
211        <receiver
211-->[androidx.work:work-runtime:2.7.1] AndroidManifest.xml:100:9-109:20
212            android:name="androidx.work.impl.background.systemalarm.ConstraintProxy$NetworkStateProxy"
212-->[androidx.work:work-runtime:2.7.1] AndroidManifest.xml:101:13-103
213            android:directBootAware="false"
213-->[androidx.work:work-runtime:2.7.1] AndroidManifest.xml:102:13-44
214            android:enabled="false"
214-->[androidx.work:work-runtime:2.7.1] AndroidManifest.xml:103:13-36
215            android:exported="false" >
215-->[androidx.work:work-runtime:2.7.1] AndroidManifest.xml:104:13-37
216            <intent-filter>
216-->[androidx.work:work-runtime:2.7.1] AndroidManifest.xml:106:13-108:29
217                <action android:name="android.net.conn.CONNECTIVITY_CHANGE" />
217-->[androidx.work:work-runtime:2.7.1] AndroidManifest.xml:107:17-79
217-->[androidx.work:work-runtime:2.7.1] AndroidManifest.xml:107:25-76
218            </intent-filter>
219        </receiver>
220        <receiver
220-->[androidx.work:work-runtime:2.7.1] AndroidManifest.xml:110:9-121:20
221            android:name="androidx.work.impl.background.systemalarm.RescheduleReceiver"
221-->[androidx.work:work-runtime:2.7.1] AndroidManifest.xml:111:13-88
222            android:directBootAware="false"
222-->[androidx.work:work-runtime:2.7.1] AndroidManifest.xml:112:13-44
223            android:enabled="false"
223-->[androidx.work:work-runtime:2.7.1] AndroidManifest.xml:113:13-36
224            android:exported="false" >
224-->[androidx.work:work-runtime:2.7.1] AndroidManifest.xml:114:13-37
225            <intent-filter>
225-->[androidx.work:work-runtime:2.7.1] AndroidManifest.xml:116:13-120:29
226                <action android:name="android.intent.action.BOOT_COMPLETED" />
226-->[androidx.work:work-runtime:2.7.1] AndroidManifest.xml:117:17-79
226-->[androidx.work:work-runtime:2.7.1] AndroidManifest.xml:117:25-76
227                <action android:name="android.intent.action.TIME_SET" />
227-->[androidx.work:work-runtime:2.7.1] AndroidManifest.xml:118:17-73
227-->[androidx.work:work-runtime:2.7.1] AndroidManifest.xml:118:25-70
228                <action android:name="android.intent.action.TIMEZONE_CHANGED" />
228-->[androidx.work:work-runtime:2.7.1] AndroidManifest.xml:119:17-81
228-->[androidx.work:work-runtime:2.7.1] AndroidManifest.xml:119:25-78
229            </intent-filter>
230        </receiver>
231        <receiver
231-->[androidx.work:work-runtime:2.7.1] AndroidManifest.xml:122:9-131:20
232            android:name="androidx.work.impl.background.systemalarm.ConstraintProxyUpdateReceiver"
232-->[androidx.work:work-runtime:2.7.1] AndroidManifest.xml:123:13-99
233            android:directBootAware="false"
233-->[androidx.work:work-runtime:2.7.1] AndroidManifest.xml:124:13-44
234            android:enabled="@bool/enable_system_alarm_service_default"
234-->[androidx.work:work-runtime:2.7.1] AndroidManifest.xml:125:13-72
235            android:exported="false" >
235-->[androidx.work:work-runtime:2.7.1] AndroidManifest.xml:126:13-37
236            <intent-filter>
236-->[androidx.work:work-runtime:2.7.1] AndroidManifest.xml:128:13-130:29
237                <action android:name="androidx.work.impl.background.systemalarm.UpdateProxies" />
237-->[androidx.work:work-runtime:2.7.1] AndroidManifest.xml:129:17-98
237-->[androidx.work:work-runtime:2.7.1] AndroidManifest.xml:129:25-95
238            </intent-filter>
239        </receiver>
240        <receiver
240-->[androidx.work:work-runtime:2.7.1] AndroidManifest.xml:132:9-142:20
241            android:name="androidx.work.impl.diagnostics.DiagnosticsReceiver"
241-->[androidx.work:work-runtime:2.7.1] AndroidManifest.xml:133:13-78
242            android:directBootAware="false"
242-->[androidx.work:work-runtime:2.7.1] AndroidManifest.xml:134:13-44
243            android:enabled="true"
243-->[androidx.work:work-runtime:2.7.1] AndroidManifest.xml:135:13-35
244            android:exported="true"
244-->[androidx.work:work-runtime:2.7.1] AndroidManifest.xml:136:13-36
245            android:permission="android.permission.DUMP" >
245-->[androidx.work:work-runtime:2.7.1] AndroidManifest.xml:137:13-57
246            <intent-filter>
246-->[androidx.work:work-runtime:2.7.1] AndroidManifest.xml:139:13-141:29
247                <action android:name="androidx.work.diagnostics.REQUEST_DIAGNOSTICS" />
247-->[androidx.work:work-runtime:2.7.1] AndroidManifest.xml:140:17-88